0 info it worked if it ends with ok
1 verbose cli [ '/Users/thibbard/.nvm/versions/node/v7.0.0/bin/node',
1 verbose cli   '/Users/thibbard/.nvm/versions/node/v7.0.0/bin/npm',
1 verbose cli   'run',
1 verbose cli   'autoprefixer' ]
2 info using npm@4.0.3
3 info using node@v7.0.0
4 verbose stack Error: missing script: autoprefixer
4 verbose stack     at run (/Users/thibbard/.nvm/versions/node/v7.0.0/lib/node_modules/npm/lib/run-script.js:151:19)
4 verbose stack     at /Users/thibbard/.nvm/versions/node/v7.0.0/lib/node_modules/npm/lib/run-script.js:61:5
4 verbose stack     at /Users/thibbard/.nvm/versions/node/v7.0.0/lib/node_modules/npm/node_modules/read-package-json/read-json.js:356:5
4 verbose stack     at checkBinReferences_ (/Users/thibbard/.nvm/versions/node/v7.0.0/lib/node_modules/npm/node_modules/read-package-json/read-json.js:320:45)
4 verbose stack     at final (/Users/thibbard/.nvm/versions/node/v7.0.0/lib/node_modules/npm/node_modules/read-package-json/read-json.js:354:3)
4 verbose stack     at then (/Users/thibbard/.nvm/versions/node/v7.0.0/lib/node_modules/npm/node_modules/read-package-json/read-json.js:124:5)
4 verbose stack     at /Users/thibbard/.nvm/versions/node/v7.0.0/lib/node_modules/npm/node_modules/read-package-json/read-json.js:243:12
4 verbose stack     at /Users/thibbard/.nvm/versions/node/v7.0.0/lib/node_modules/npm/node_modules/graceful-fs/graceful-fs.js:78:16
4 verbose stack     at tryToString (fs.js:425:3)
4 verbose stack     at FSReqWrap.readFileAfterClose [as oncomplete] (fs.js:412:12)
5 verbose cwd /Users/thibbard/Documents/tests/simple-react-boilerplate
6 error Darwin 15.4.0
7 error argv "/Users/thibbard/.nvm/versions/node/v7.0.0/bin/node" "/Users/thibbard/.nvm/versions/node/v7.0.0/bin/npm" "run" "autoprefixer"
8 error node v7.0.0
9 error npm  v4.0.3
10 error missing script: autoprefixer
11 error If you need help, you may report this error at:
11 error     <https://github.com/npm/npm/issues>
12 verbose exit [ 1, true ]
